Line 72: Class VSFlex7LCtl.VSFlexGrid of control fgExport was not a loaded control class.
Line 78: The property name _cx in fgExport is invalid.
Line 79: The property name _cy in fgExport is invalid.
Line 80: The property name _ConvInfo in fgExport is invalid.
Line 96: The property name BackColorFixed in fgExport is invalid.
Line 97: The property name ForeColorFixed in fgExport is invalid.
Line 98: The property name BackColorSel in fgExport is invalid.
Line 99: The property name ForeColorSel in fgExport is invalid.
Line 100: The property name BackColorBkg in fgExport is invalid.
Line 101: The property name BackColorAlternate in fgExport is invalid.
Line 102: The property name GridColor in fgExport is invalid.
Line 103: The property name GridColorFixed in fgExport is invalid.
Line 104: The property name TreeColor in fgExport is invalid.
Line 105: The property name FloodColor in fgExport is invalid.
Line 106: The property name SheetBorder in fgExport is invalid.
Line 107: The property name FocusRect in fgExport is invalid.
Line 108: The property name HighLight in fgExport is invalid.
Line 109: The property name AllowSelection in fgExport is invalid.
Line 110: The property name AllowBigSelection in fgExport is invalid.
Line 111: The property name AllowUserResizing in fgExport is invalid.
Line 112: The property name SelectionMode in fgExport is invalid.
Line 113: The property name GridLines in fgExport is invalid.
Line 114: The property name GridLinesFixed in fgExport is invalid.
Line 115: The property name GridLineWidth in fgExport is invalid.
Line 116: The property name Rows in fgExport is invalid.
Line 117: The property name Cols in fgExport is invalid.
Line 118: The property name FixedRows in fgExport is invalid.
Line 119: The property name FixedCols in fgExport is invalid.
Line 120: The property name RowHeightMin in fgExport is invalid.
Line 121: The property name RowHeightMax in fgExport is invalid.
Line 122: The property name ColWidthMin in fgExport is invalid.
Line 123: The property name ColWidthMax in fgExport is invalid.
Line 124: The property name ExtendLastCol in fgExport is invalid.
Line 125: The property name FormatString in fgExport is invalid.
Line 126: The property name ScrollTrack in fgExport is invalid.
Line 127: The property name ScrollBars in fgExport is invalid.
Line 128: The property name ScrollTips in fgExport is invalid.
Line 129: The property name MergeCells in fgExport is invalid.
Line 130: The property name MergeCompare in fgExport is invalid.
Line 131: The property name AutoResize in fgExport is invalid.
Line 132: The property name AutoSizeMode in fgExport is invalid.
Line 133: The property name AutoSearch in fgExport is invalid.
Line 134: The property name AutoSearchDelay in fgExport is invalid.
Line 135: The property name MultiTotals in fgExport is invalid.
Line 136: The property name SubtotalPosition in fgExport is invalid.
Line 137: The property name OutlineBar in fgExport is invalid.
Line 138: The property name OutlineCol in fgExport is invalid.
Line 139: The property name Ellipsis in fgExport is invalid.
Line 140: The property name ExplorerBar in fgExport is invalid.
Line 141: The property name PicturesOver in fgExport is invalid.
Line 144: The property name PictureType in fgExport is invalid.
Line 145: The property name TabBehavior in fgExport is invalid.
Line 146: The property name OwnerDraw in fgExport is invalid.
Line 147: The property name Editable in fgExport is invalid.
Line 148: The property name ShowComboButton in fgExport is invalid.
Line 149: The property name WordWrap in fgExport is invalid.
Line 150: The property name TextStyle in fgExport is invalid.
Line 151: The property name TextStyleFixed in fgExport is invalid.
Line 154: The property name ComboSearch in fgExport is invalid.
Line 155: The property name AutoSizeMouse in fgExport is invalid.
Line 156: The property name FrozenRows in fgExport is invalid.
Line 157: The property name FrozenCols in fgExport is invalid.
Line 158: The property name AllowUserFreezing in fgExport is invalid.
Line 159: The property name BackColorFrozen in fgExport is invalid.
Line 160: The property name ForeColorFrozen in fgExport is invalid.
Line 161: The property name WallPaperAlignment in fgExport is invalid.
Line 72: Property Appearance in fgExport could not be set.
